1.488779999999999973e+03 3.400000000000000244e-01 6.393069766684446265e+00 6.226034845511581040e+00 2.687128705187106803e+01 1.000000000000000000e+00
1.195069999999999936e+03 3.400000000000000244e-01 6.424003623421319809e+00 7.119982980894719482e+00 3.555868865372939069e+01 1.000000000000000000e+00
1.078160000000000082e+03 3.400000000000000244e-01 6.118561977463225610e+00 7.751718544036506842e+00 3.811182262230533269e+01 1.000000000000000000e+00
1.013210000000000036e+03 3.400000000000000244e-01 6.505116140952942771e+00 8.223020941894642277e+00 4.545126473836421610e+01 1.000000000000000000e+00
1.488779999999999973e+03 3.400000000000000244e-01 6.393069766684446265e+00 6.226034845511581040e+00 2.687128705187106803e+01 1.000000000000000000e+00
1.195069999999999936e+03 3.400000000000000244e-01 6.424003623421319809e+00 7.119982980894719482e+00 3.555868865372939069e+01 1.000000000000000000e+00
1.078160000000000082e+03 3.400000000000000244e-01 6.118561977463225610e+00 7.751718544036506842e+00 3.811182262230533269e+01 1.000000000000000000e+00
1.013210000000000036e+03 3.400000000000000244e-01 6.505116140952942771e+00 8.223020941894642277e+00 4.545126473836421610e+01 1.000000000000000000e+00
1.488779999999999973e+03 3.400000000000000244e-01 8.039472388408185566e+00 6.227171072298608223e+00 2.603200777431059976e+01 1.000000000000000000e+00
1.195069999999999936e+03 3.400000000000000244e-01 5.457684537682866655e+00 6.891598867184517196e+00 2.055368412940123690e+01 1.000000000000000000e+00
1.078160000000000082e+03 3.400000000000000244e-01 5.300436220245614116e+00 7.684375126770763842e+00 2.320281475911482971e+01 1.000000000000000000e+00
1.013210000000000036e+03 3.400000000000000244e-01 5.594756126330525881e+00 8.262302952298304248e+00 2.843609581300050593e+01 1.000000000000000000e+00
7.386299999999999955e+02 3.400000000000000244e-01 5.557588984983857117e+00 1.098261081113591509e+01 6.209141442035037528e+01 1.000000000000000000e+00
9.391000000000000227e+02 3.400000000000000244e-01 5.644815634553586037e+00 8.791411851223704943e+00 5.504370944591472181e+01 1.000000000000000000e+00
8.687000000000000455e+02 3.400000000000000244e-01 6.226136089308495158e+00 9.346834854142228366e+00 5.456605477288318440e+01 1.000000000000000000e+00
5.187599999999999909e+02 3.400000000000000244e-01 5.726828102678228838e+00 1.544512460460514802e+01 1.462931712108029387e+02 1.000000000000000000e+00
1.195069999999999936e+03 4.299999999999999933e-01 8.636613221015753794e+00 7.946932172350292589e+00 4.181241134799557813e+01 1.000000000000000000e+00
1.195069999999999936e+03 4.299999999999999933e-01 7.101289285885211022e+00 7.768289709021694911e+00 2.619468881330340437e+01 1.000000000000000000e+00
1.078160000000000082e+03 4.299999999999999933e-01 7.441700131551224118e+00 8.709157026494683151e+00 2.925965568563100305e+01 1.000000000000000000e+00
1.078160000000000082e+03 4.299999999999999933e-01 7.899194359246379804e+00 8.736711019201734985e+00 4.899363821331694879e+01 1.000000000000000000e+00
1.013210000000000036e+03 4.299999999999999933e-01 6.987181183794330508e+00 9.267524563139511784e+00 2.978904980588530904e+01 1.000000000000000000e+00
1.013210000000000036e+03 4.299999999999999933e-01 8.153953122046601720e+00 9.135751729987589442e+00 5.098454506133499819e+01 1.000000000000000000e+00
5.187599999999999909e+02 4.299999999999999933e-01 7.356142683631640367e+00 1.728615154944454346e+01 1.321122426445855922e+02 1.000000000000000000e+00
7.386299999999999955e+02 4.299999999999999933e-01 8.708112435981568922e+00 1.230054715090568074e+01 8.013547405772379761e+01 1.000000000000000000e+00
8.687000000000000455e+02 4.299999999999999933e-01 8.051297166718745402e+00 1.055042352750923307e+01 6.510274122115279738e+01 1.000000000000000000e+00
9.391000000000000227e+02 4.299999999999999933e-01 8.667704683983165737e+00 9.826676014935275205e+00 5.821774321101651140e+01 1.000000000000000000e+00
1.273000000000000000e+03 2.600000000000000089e-01 3.972830161306836416e+00 5.460358575081179389e+00 1.535337444005597263e+01 1.000000000000000000e+00
1.273000000000000000e+03 2.600000000000000089e-01 5.333727311245656466e+00 5.915310631494039129e+00 2.958646618120670624e+01 1.000000000000000000e+00
1.195069999999999936e+03 2.600000000000000089e-01 3.902761428324601489e+00 5.844098315982106939e+00 1.561095390930415405e+01 1.000000000000000000e+00
1.195069999999999936e+03 2.600000000000000089e-01 4.149120172771597836e+00 6.164053063033249735e+00 2.882158504405743926e+01 1.000000000000000000e+00
1.078160000000000082e+03 2.600000000000000089e-01 3.947916645711793127e+00 6.582406245525398880e+00 1.834885517617301431e+01 1.000000000000000000e+00
1.078160000000000082e+03 2.600000000000000089e-01 4.229572044023271360e+00 6.758396056027781817e+00 3.417550071753169760e+01 1.000000000000000000e+00
1.013210000000000036e+03 2.600000000000000089e-01 4.169580243327899005e+00 7.103632247658712373e+00 2.076485278234615350e+01 1.000000000000000000e+00
1.013210000000000036e+03 2.600000000000000089e-01 4.844395409995624568e+00 7.136549315513906144e+00 3.733583599686699728e+01 1.000000000000000000e+00
5.187599999999999909e+02 2.600000000000000089e-01 4.334332487481127316e+00 1.334249869373580388e+01 1.146228297177146516e+02 1.000000000000000000e+00
7.386299999999999955e+02 2.600000000000000089e-01 4.212599424451146213e+00 9.458722735078749722e+00 5.153724539323962262e+01 1.000000000000000000e+00
8.687000000000000455e+02 2.600000000000000089e-01 4.166388419759914363e+00 8.072337264861774386e+00 4.212734242971335874e+01 1.000000000000000000e+00
9.391000000000000227e+02 2.600000000000000089e-01 4.073245658843902106e+00 7.585007516252399107e+00 4.163363540399692653e+01 1.000000000000000000e+00
1.013210000000000036e+03 2.600000000000000089e-01 7.298587913744996492e+00 6.966864809184793117e+00 2.062185897607150054e+01 1.000000000000000000e+00
7.386299999999999955e+02 2.600000000000000089e-01 1.706253310841742987e+01 9.353041120141782017e+00 1.250192729400283156e+02 1.000000000000000000e+00
5.187599999999999909e+02 2.600000000000000089e-01 8.635511918332007042e+00 1.377398562509650759e+01 8.845641850652640414e+01 1.000000000000000000e+00
1.013210000000000036e+03 3.400000000000000244e-01 8.110800757038981956e+00 8.097634442602329230e+00 2.612926960780851005e+01 1.000000000000000000e+00
7.386299999999999955e+02 3.400000000000000244e-01 1.217358101218414390e+01 1.152559303537402080e+01 5.395266299638458207e+01 1.000000000000000000e+00
5.187599999999999909e+02 3.400000000000000244e-01 7.273987613402361774e+00 1.624642911509331711e+01 9.872397077594717985e+01 1.000000000000000000e+00
1.013210000000000036e+03 4.299999999999999933e-01 9.709857318266090331e+00 9.273976779422413941e+00 3.218429375763059141e+01 1.000000000000000000e+00
7.386299999999999955e+02 4.299999999999999933e-01 1.361323176215688235e+01 1.289084128856482003e+01 6.608421691471679082e+01 1.000000000000000000e+00
5.187599999999999909e+02 4.299999999999999933e-01 5.248080079570407896e+00 1.855651131830922651e+01 1.091824691136720702e+02 1.000000000000000000e+00
2.100000000000000000e+03 8.999999999999999667e-02 2.964145368608613218e+00 3.165440721286230108e+00 1.096191618460602690e+01 1.000000000000000000e+00
9.391000000000000227e+02 8.999999999999999667e-02 9.901370574638800548e+00 4.792503246635262393e+00 3.805482672053310012e+01 1.000000000000000000e+00
2.400000000000000000e+03 2.600000000000000089e-01 4.200830358552728683e+00 5.297644205959897157e+00 1.325724415623475139e+01 1.000000000000000000e+00
2.900000000000000000e+03 4.299999999999999933e-01 2.243758422394115826e+01 6.017963608925898988e+00 1.389204788356194520e+01 1.000000000000000000e+00
2.100000000000000000e+03 8.999999999999999667e-02 3.732664351651796331e+00 2.919547607627459129e+00 1.214956926461198528e+01 1.000000000000000000e+00
9.391000000000000227e+02 8.999999999999999667e-02 5.907698789971679076e+00 4.407986655716396918e+00 3.315796653888141776e+01 1.000000000000000000e+00
5.187599999999999909e+02 8.999999999999999667e-02 1.649221717349836780e+01 8.259381516125516853e+00 7.683484062346576593e+01 1.000000000000000000e+00
7.386299999999999955e+02 8.999999999999999667e-02 3.229932721509748195e+00 5.631114010949128890e+00 5.314493005273911308e+01 2.000000000000000000e+00
5.187599999999999909e+02 8.999999999999999667e-02 5.866031552527781301e+00 7.875247654879045989e+00 1.303769064177953680e+02 2.000000000000000000e+00
1.078160000000000082e+03 8.999999999999999667e-02 2.126446023383058215e+00 3.524655428471507257e+00 1.170923427884062562e+01 2.000000000000000000e+00
9.391000000000000227e+02 8.999999999999999667e-02 3.212160280921191990e+00 4.134317056240166544e+00 1.468718659752625122e+01 2.000000000000000000e+00
1.500000000000000000e+03 8.999999999999999667e-02 4.342618851415278591e+00 2.945485390924380109e+00 3.631218160505231651e+01 2.000000000000000000e+00
5.187599999999999909e+02 1.700000000000000122e-01 3.819473741880038187e+00 1.141553949850104033e+01 1.174877398395185395e+02 2.000000000000000000e+00
7.386299999999999955e+02 1.700000000000000122e-01 1.481634814529042465e+01 8.510544307022652077e+00 8.006398663896479206e+01 2.000000000000000000e+00
1.078160000000000082e+03 1.700000000000000122e-01 3.581095240305431471e+00 5.085879836459601400e+00 1.647382275629027149e+01 2.000000000000000000e+00
9.391000000000000227e+02 1.700000000000000122e-01 5.176673784328020389e+00 5.932653843187010168e+00 1.848333419424464097e+01 2.000000000000000000e+00
1.500000000000000000e+03 1.700000000000000122e-01 4.019154069910259253e+00 4.339870692420221943e+00 2.768260511776145805e+01 2.000000000000000000e+00
7.386299999999999955e+02 2.600000000000000089e-01 8.021152901889598397e+00 9.480790027311334356e+00 3.867636401271450808e+01 2.000000000000000000e+00
5.187599999999999909e+02 2.600000000000000089e-01 3.618681729756762611e+00 1.402125240424257058e+01 6.754095838088957748e+01 2.000000000000000000e+00
1.500000000000000000e+03 2.600000000000000089e-01 5.386040808187823714e+00 5.347731419158072264e+00 2.739442556998373135e+01 2.000000000000000000e+00
5.187599999999999909e+02 2.600000000000000089e-01 3.618681729756762611e+00 1.402125240424257058e+01 6.754095838088957748e+01 2.000000000000000000e+00
7.386299999999999955e+02 2.600000000000000089e-01 8.021152901889598397e+00 9.480790027311334356e+00 3.867636401271450808e+01 2.000000000000000000e+00
1.500000000000000000e+03 2.600000000000000089e-01 5.386040808187823714e+00 5.347731419158072264e+00 2.739442556998373135e+01 2.000000000000000000e+00
7.386299999999999955e+02 3.400000000000000244e-01 9.257652290752732327e+00 1.123234300057019297e+01 4.127747312918530298e+01 2.000000000000000000e+00
5.187599999999999909e+02 3.400000000000000244e-01 8.416207546265978223e+00 1.627039568576625328e+01 7.915869443329694377e+01 2.000000000000000000e+00
1.500000000000000000e+03 3.400000000000000244e-01 5.858737008563578819e+00 6.157033425434116580e+00 2.458090332591119065e+01 2.000000000000000000e+00
5.187599999999999909e+02 4.299999999999999933e-01 1.326073335060553404e+01 1.815214777057599704e+01 8.928445129460521912e+01 2.000000000000000000e+00
7.386299999999999955e+02 4.299999999999999933e-01 1.021115236242441071e+01 1.252649620917838469e+01 4.918460868181290380e+01 2.000000000000000000e+00
9.391000000000000227e+02 4.299999999999999933e-01 7.599030927243522804e+00 9.781564112006362777e+00 3.507043366231205539e+01 2.000000000000000000e+00
1.078160000000000082e+03 4.299999999999999933e-01 6.390850503057986742e+00 8.312058041108423723e+00 2.704844461997581107e+01 2.000000000000000000e+00
1.281420000000000073e+03 2.600000000000000089e-01 4.264805232777371558e+00 5.300943543382411249e+00 1.775152262781430323e+01 2.000000000000000000e+00
9.627500000000000000e+02 2.600000000000000089e-01 3.842401033604752936e+00 7.258827481609492871e+00 2.218373963872888410e+01 2.000000000000000000e+00
1.114500000000000000e+03 2.600000000000000089e-01 3.796586915216718428e+00 6.137045789226403869e+00 1.804042365851013585e+01 2.000000000000000000e+00
9.627500000000000000e+02 3.400000000000000244e-01 5.616120482614547882e+00 8.471345731985282512e+00 2.842342540454088606e+01 2.000000000000000000e+00
1.114500000000000000e+03 3.400000000000000244e-01 5.192280025250843423e+00 7.228376388438650046e+00 2.189501312318977000e+01 2.000000000000000000e+00
1.281420000000000073e+03 3.400000000000000244e-01 5.672227835595352374e+00 6.259594414232500625e+00 2.323638468997063811e+01 2.000000000000000000e+00
7.500000000000000000e+02 8.999999999999999667e-02 1.153860507980150052e+00 3.228205762836299453e+00 1.433099862481359210e+01 4.000000000000000000e+00
5.572500000000000000e+02 8.999999999999999667e-02 2.419573989909746370e+00 3.440672436152125258e+00 4.298432187323121667e+01 4.000000000000000000e+00
4.695500000000000114e+02 8.999999999999999667e-02 8.423487935544054395e+00 3.720197609128474525e+00 8.189064370054337871e+01 4.000000000000000000e+00
7.500000000000000000e+02 3.400000000000000244e-01 4.586186698869192391e+00 6.266835699598459541e+00 3.312450580874778439e+01 4.000000000000000000e+00
5.572500000000000000e+02 3.400000000000000244e-01 4.119463609083777733e+00 7.750564476373515532e+00 5.129698642750709325e+01 4.000000000000000000e+00
4.695500000000000114e+02 3.400000000000000244e-01 6.080976685009122917e+00 8.828592513451861024e+00 6.604812601722036902e+01 4.000000000000000000e+00
3.693100000000000023e+02 3.400000000000000244e-01 4.959743910076811702e+00 1.105920275193591529e+01 1.291842372020415439e+02 4.000000000000000000e+00
2.593799999999999955e+02 3.400000000000000244e-01 7.726953969610428352e+00 1.528048226591739578e+01 2.109603694090761792e+02 4.000000000000000000e+00
5.066000000000000227e+02 4.299999999999999933e-01 5.088241945361059670e+00 9.352754671118507446e+00 7.066685095890996138e+01 4.000000000000000000e+00
3.693100000000000023e+02 4.299999999999999933e-01 5.364607133577965925e+00 1.251978360069348817e+01 1.071763632758990354e+02 4.000000000000000000e+00
2.593799999999999955e+02 4.299999999999999933e-01 7.061431256867288120e+00 1.730116065926202751e+01 2.142633257207261863e+02 4.000000000000000000e+00
2.593799999999999955e+02 2.600000000000000089e-01 9.157020127038846269e+00 1.287393224831832939e+01 2.268055416042537047e+02 4.000000000000000000e+00
3.693100000000000023e+02 2.600000000000000089e-01 4.460695071673326240e+00 9.519398855120192238e+00 9.754221712071769446e+01 4.000000000000000000e+00
4.695500000000000114e+02 2.600000000000000089e-01 3.781761191281015400e+00 7.439030856773529266e+00 6.731270718444496026e+01 4.000000000000000000e+00
5.572500000000000000e+02 2.600000000000000089e-01 3.988515963082383209e+00 6.735784002087327416e+00 5.476173158206291447e+01 4.000000000000000000e+00
7.500000000000000000e+02 2.600000000000000089e-01 3.777298283907394083e+00 5.504168514876407237e+00 2.746789839442035230e+01 4.000000000000000000e+00
2.100000000000000000e+03 8.999999999999999667e-02 3.103720134516247509e+00 2.986823020829492137e+00 1.053423913700391346e+01 5.000000000000000000e+00
9.391000000000000227e+02 8.999999999999999667e-02 7.333709167785296579e+00 4.287317291528791152e+00 6.649938287304401285e+01 5.000000000000000000e+00
5.187599999999999909e+02 8.999999999999999667e-02 7.419688352415799670e+01 3.550342560655136648e+00 3.672224851007064217e+02 5.000000000000000000e+00
1.281420000000000073e+03 2.600000000000000089e-01 4.032685876504445766e+00 6.203283023837403043e+00 2.315362890102291615e+01 5.000000000000000000e+00
9.391000000000000227e+02 2.600000000000000089e-01 6.006662196129867404e+00 7.515170158284620427e+00 5.066220932709047986e+01 5.000000000000000000e+00
5.187599999999999909e+02 2.600000000000000089e-01 1.867665596211346823e+01 1.270717393106354010e+01 1.482551154392993169e+02 5.000000000000000000e+00
1.078160000000000082e+03 4.299999999999999933e-01 7.829984991567346064e+00 8.733101845770681493e+00 4.256784300587489156e+01 5.000000000000000000e+00
9.391000000000000227e+02 4.299999999999999933e-01 1.067816895111428011e+01 9.809428920723613388e+00 5.528578892173337067e+01 5.000000000000000000e+00
5.187599999999999909e+02 4.299999999999999933e-01 1.417978267382942192e+01 1.711172212903512246e+01 1.588377028684296306e+02 5.000000000000000000e+00
3.937500000000000000e+02 8.999999999999999667e-02 3.116430551287695749e+00 2.881857404774305742e+00 2.255579761928248672e+01 3.000000000000000000e+00
1.760800000000000125e+02 8.999999999999999667e-02 2.657342047379439354e+00 4.304655888067438596e+00 6.123561845936914239e+01 3.000000000000000000e+00
2.402700000000000102e+02 2.600000000000000089e-01 2.711457811962113773e+00 5.817184601869393568e+00 5.038881310684319459e+01 3.000000000000000000e+00
1.760800000000000125e+02 2.600000000000000089e-01 1.682656144697816991e+00 8.049310713652142013e+00 8.613105367500013188e+01 3.000000000000000000e+00
9.226999999999999602e+01 2.600000000000000089e-01 2.485752096576903991e+00 1.411706182373817242e+01 2.726677691989312393e+02 3.000000000000000000e+00
2.021500000000000057e+02 4.299999999999999933e-01 3.108721402519689203e+00 9.300727563487910743e+00 8.623870225484186847e+01 3.000000000000000000e+00
1.760800000000000125e+02 4.299999999999999933e-01 3.236056818775135735e+00 1.084482746219523008e+01 1.190650828515449859e+02 3.000000000000000000e+00
9.226999999999999602e+01 4.299999999999999933e-01 3.923105583563903487e+00 1.816477963271742979e+01 4.752360453551224282e+02 3.000000000000000000e+00
